<?xml version="1.0" encoding="UTF-8"?>
<!-- Generated by org.testng.reporters.JUnitXMLReporter -->
<testsuite hostname="apples-MacBook-Pro.local" ignored="0" name="Default test" tests="3" failures="0" timestamp="2021-04-01T11:01:55 IST" time="44.178" errors="0">
  <testcase name="dataProviderTest3" time="21.228" classname="com.vm.SeAutomationTraining.UsingDataProvider"/>
  <testcase name="dataProviderTest3" time="14.197" classname="com.vm.SeAutomationTraining.UsingDataProvider"/>
  <testcase name="dataProviderTest3" time="8.707" classname="com.vm.SeAutomationTraining.UsingDataProvider"/>
</testsuite> <!-- Default test -->
