<?xml version="1.0" encoding="UTF-8"?>
<!-- Generated by org.testng.reporters.JUnitXMLReporter -->
<testsuite hostname="apples-MacBook-Pro.local" ignored="0" name="Para" tests="1" failures="1" timestamp="2021-06-17T06:05:15 IST" time="0.063" errors="0">
  <testcase name="@AfterTest killSesion" time="0.0" classname="com.vm.SeAutomationTraining.TestNGParameterizingMultiple">
    <failure type="java.lang.NullPointerException">
      <![CDATA[java.lang.NullPointerException
at com.vm.SeAutomationTraining.TestNGParameterizingMultiple.killSesion(TestNGParameterizingMultiple.java:23)
... Removed 24 stack frames]]>
    </failure>
  </testcase> <!-- @AfterTest killSesion -->
  <testcase name="launchInternetPage" time="0.059" classname="com.vm.SeAutomationTraining.TestNGParameterizingMultiple">
    <failure type="java.lang.NoSuchMethodError" message="org.apache.commons.io.IOUtils.toString(Ljava/io/InputStream;Ljava/nio/charset/Charset;)Ljava/lang/String;">
      <![CDATA[java.lang.NoSuchMethodError: org.apache.commons.io.IOUtils.toString(Ljava/io/InputStream;Ljava/nio/charset/Charset;)Ljava/lang/String;
at io.github.bonigarcia.wdm.versions.Shell.runAndWaitNoLog(Shell.java:66)
at io.github.bonigarcia.wdm.versions.Shell.runAndWaitArray(Shell.java:55)
at io.github.bonigarcia.wdm.versions.Shell.runAndWait(Shell.java:45)
at io.github.bonigarcia.wdm.versions.VersionDetector.getDefaultBrowserVersion(VersionDetector.java:192)
at io.github.bonigarcia.wdm.managers.ChromeDriverManager.getBrowserVersionFromTheShell(ChromeDriverManager.java:123)
at io.github.bonigarcia.wdm.WebDriverManager.detectBrowserVersion(WebDriverManager.java:719)
at io.github.bonigarcia.wdm.WebDriverManager.resolveDriverVersion(WebDriverManager.java:588)
at io.github.bonigarcia.wdm.WebDriverManager.manage(WebDriverManager.java:540)
at io.github.bonigarcia.wdm.WebDriverManager.setup(WebDriverManager.java:288)
at com.vm.SeAutomationTraining.TestNGParameterizingMultiple.launchInternetPage(TestNGParameterizingMultiple.java:16)
at java.util.ArrayList.forEach(ArrayList.java:1259)
... Removed 27 stack frames]]>
    </failure>
  </testcase> <!-- launchInternetPage -->
</testsuite> <!-- Para -->
