<?xml version="1.0" encoding="UTF-8"?>
<!-- Generated by org.testng.reporters.JUnitXMLReporter -->
<testsuite hostname="apples-MacBook-Pro.local" ignored="3" name="Test" tests="2" failures="0" timestamp="2021-03-09T10:02:35 IST" time="2.942" errors="0">
  <testcase name="verifyHomePage" time="0.011" classname="com.vm.SeAutomationTests.HomeTest"/>
  <testcase name="verifyAddRemoveHeading" time="0.412" classname="com.vm.SeAutomationTests.AddRemoveElementsTest"/>
  <testcase name="@BeforeTest launchApplication" time="0.0" classname="com.vm.SeAutomation.BaseSeAutomation">
    <ignored/>
  </testcase> <!-- @BeforeTest launchApplication -->
  <testcase name="@BeforeSuite launchBrowser" time="0.0" classname="com.vm.SeAutomation.BaseSeAutomation">
    <ignored/>
  </testcase> <!-- @BeforeSuite launchBrowser -->
  <testcase name="@AfterSuite killSession" time="0.0" classname="com.vm.SeAutomation.BaseSeAutomation">
    <ignored/>
  </testcase> <!-- @AfterSuite killSession -->
</testsuite> <!-- Test -->
