<?xml version="1.0" encoding="UTF-8"?>
<!-- Generated by org.testng.reporters.JUnitXMLReporter -->
<testsuite hostname="apples-MacBook-Pro.local" ignored="2" name="Test" tests="2" failures="0" timestamp="2021-03-03T15:36:29 IST" time="2.97" errors="0">
  <testcase name="@BeforeClass launchApplication" time="0.002" classname="com.vm.SeAutomation.BaseSeAutomation">
    <failure type="java.lang.NullPointerException">
      <![CDATA[java.lang.NullPointerException
at com.vm.SeAutomation.BaseSeAutomation.launchApplication(BaseSeAutomation.java:25)
at java.util.ArrayList.forEach(ArrayList.java:1259)
... Removed 25 stack frames]]>
    </failure>
  </testcase> <!-- @BeforeClass launchApplication -->
  <testcase name="@BeforeClass initilizePages" time="-1.614765984327E9" classname="com.vm.SeAutomationTests.AddRemoveElementsTest">
    <skipped/>
  </testcase> <!-- @BeforeClass initilizePages -->
  <testcase name="verifyHomePage" time="0.041" classname="com.vm.SeAutomationTests.HomeTest"/>
  <testcase name="verifyAddRemoveHeading" time="0.0" classname="com.vm.SeAutomationTests.AddRemoveElementsTest">
    <skipped/>
  </testcase> <!-- verifyAddRemoveHeading -->
  <testcase name="@BeforeSuite launchBrowser" time="0.0" classname="com.vm.SeAutomation.BaseSeAutomation">
    <ignored/>
  </testcase> <!-- @BeforeSuite launchBrowser -->
  <testcase name="@AfterSuite killSession" time="0.0" classname="com.vm.SeAutomation.BaseSeAutomation">
    <ignored/>
  </testcase> <!-- @AfterSuite killSession -->
</testsuite> <!-- Test -->
