<?xml version="1.0" encoding="UTF-8"?>
<testng-results skipped="0" failed="0" ignored="0" total="1" passed="1">
  <reporter-output>
  </reporter-output>
  <suite name="Default suite" duration-ms="160" started-at="2021-02-23T10:57:10 IST" finished-at="2021-02-23T10:57:10 IST">
    <groups>
    </groups>
    <test name="Default test" duration-ms="160" started-at="2021-02-23T10:57:10 IST" finished-at="2021-02-23T10:57:10 IST">
      <class name="com.vm.javaPractice.Exceptions">
        <test-method status="PASS" signature="test1()[pri:0, instance:com.vm.javaPractice.Exceptions@67205a84]" name="test1" duration-ms="28" started-at="2021-02-23T10:57:10 IST" finished-at="2021-02-23T10:57:10 IST">
          <reporter-output>
          </reporter-output>
        </test-method> <!-- test1 -->
      </class> <!-- com.vm.javaPractice.Exceptions -->
    </test> <!-- Default test -->
  </suite> <!-- Default suite -->
</testng-results>
