<?xml version="1.0" encoding="UTF-8"?>
<testng-results skipped="0" failed="0" ignored="0" total="1" passed="1">
  <reporter-output>
  </reporter-output>
  <suite name="Default suite" duration-ms="30436" started-at="2021-03-20T18:09:23 IST" finished-at="2021-03-20T18:09:53 IST">
    <groups>
    </groups>
    <test name="Default test" duration-ms="30436" started-at="2021-03-20T18:09:23 IST" finished-at="2021-03-20T18:09:53 IST">
      <class name="com.vm.SeAutomationTraining.HandleFileUpload">
        <test-method status="PASS" signature="openBrowser()[pri:0, instance:com.vm.SeAutomationTraining.HandleFileUpload@22ff4249]" name="openBrowser" is-config="true" duration-ms="6624" started-at="2021-03-20T18:09:16 IST" finished-at="2021-03-20T18:09:23 IST">
          <reporter-output>
          </reporter-output>
        </test-method> <!-- openBrowser -->
        <test-method status="PASS" signature="acceptJavaScriptAlert()[pri:0, instance:com.vm.SeAutomationTraining.HandleFileUpload@22ff4249]" name="acceptJavaScriptAlert" duration-ms="30399" started-at="2021-03-20T18:09:23 IST" finished-at="2021-03-20T18:09:53 IST">
          <reporter-output>
          </reporter-output>
        </test-method> <!-- acceptJavaScriptAlert -->
        <test-method status="PASS" signature="killsession()[pri:0, instance:com.vm.SeAutomationTraining.HandleFileUpload@22ff4249]" name="killsession" is-config="true" duration-ms="104" started-at="2021-03-20T18:09:58 IST" finished-at="2021-03-20T18:09:58 IST">
          <reporter-output>
          </reporter-output>
        </test-method> <!-- killsession -->
      </class> <!-- com.vm.SeAutomationTraining.HandleFileUpload -->
    </test> <!-- Default test -->
  </suite> <!-- Default suite -->
</testng-results>
